[2017-07-24 13:33:20.080] [INFO] resLogger - 
*************** response log start ***************
request method: GET
request originalUrl:  /
request client ip:  ::1
request query:  {}
response time: undefined
response status: 200
response body: 
"<!DOCTYPE html><html><head><title>Hello Koa 2!</title><link rel=\"stylesheet\" href=\"/stylesheets/style.css\"></head><body><h1>Hello Koa 2!</h1><p>Welcome to Hello Koa 2!</p></body></html>"
*************** response log end ***************

[2017-07-24 13:33:25.345] [ERROR] errorLogger - 
*************** error log start ***************
request method: GET
request originalUrl:  /api/users/getUser
request client ip:  ::1
request query:  {}
response time: 0
err name: userNotExist
err message: 用户不存在
err stack: userNotExist: 用户不存在
    at /Users/a39/Desktop/other/express-demo/hellokoa2/controllers/user_controller.js:6:11
    at Generator.next (<anonymous>)
    at step (/Users/a39/Desktop/other/express-demo/hellokoa2/controllers/user_controller.js:3:191)
    at /Users/a39/Desktop/other/express-demo/hellokoa2/controllers/user_controller.js:3:437
    at Promise (<anonymous>)
    at /Users/a39/Desktop/other/express-demo/hellokoa2/controllers/user_controller.js:3:99
    at exports.getUser (/Users/a39/Desktop/other/express-demo/hellokoa2/controllers/user_controller.js:4:1)
    at dispatch (/Users/a39/Desktop/other/express-demo/hellokoa2/node_modules/.3.2.1@koa-compose/index.js:44:32)
    at next (/Users/a39/Desktop/other/express-demo/hellokoa2/node_modules/.3.2.1@koa-compose/index.js:45:18)
    at /Users/a39/Desktop/other/express-demo/hellokoa2/node_modules/.7.2.1@koa-router/lib/router.js:345:16
    at dispatch (/Users/a39/Desktop/other/express-demo/hellokoa2/node_modules/.3.2.1@koa-compose/index.js:44:32)
    at /Users/a39/Desktop/other/express-demo/hellokoa2/node_modules/.3.2.1@koa-compose/index.js:36:12
    at dispatch (/Users/a39/Desktop/other/express-demo/hellokoa2/node_modules/.7.2.1@koa-router/lib/router.js:350:31)
    at dispatch (/Users/a39/Desktop/other/express-demo/hellokoa2/node_modules/.4.0.0@koa-compose/index.js:42:32)
    at next (/Users/a39/Desktop/other/express-demo/hellokoa2/node_modules/.4.0.0@koa-compose/index.js:43:18)
    at dispatch (/Users/a39/Desktop/other/express-demo/hellokoa2/node_modules/.7.2.1@koa-router/lib/router.js:332:32)
*************** error log end ***************

[2017-07-24 13:36:28.194] [INFO] resLogger - 
*************** response log start ***************
request method: OPTIONS
request originalUrl:  /api/users/getUser
request client ip:  ::1
request body: 
{}
response time: undefined
response status: 200
response body: 
{"code":400,"message":"fail"}
*************** response log end ***************

[2017-07-24 13:38:51.151] [INFO] resLogger - 
*************** response log start ***************
request method: OPTIONS
request originalUrl:  /api/users/getUser
request client ip:  ::1
request body: 
{}
response time: undefined
response status: 204
response body: 
undefined
*************** response log end ***************

[2017-07-24 13:38:51.718] [ERROR] errorLogger - 
*************** error log start ***************
request method: GET
request originalUrl:  /api/users/getUser
request client ip:  ::1
request query:  {}
response time: 0
err name: userNotExist
err message: 用户不存在
err stack: userNotExist: 用户不存在
    at /Users/a39/Desktop/other/express-demo/hellokoa2/controllers/user_controller.js:6:11
    at Generator.next (<anonymous>)
    at step (/Users/a39/Desktop/other/express-demo/hellokoa2/controllers/user_controller.js:3:191)
    at /Users/a39/Desktop/other/express-demo/hellokoa2/controllers/user_controller.js:3:437
    at Promise (<anonymous>)
    at /Users/a39/Desktop/other/express-demo/hellokoa2/controllers/user_controller.js:3:99
    at exports.getUser (/Users/a39/Desktop/other/express-demo/hellokoa2/controllers/user_controller.js:4:1)
    at dispatch (/Users/a39/Desktop/other/express-demo/hellokoa2/node_modules/.3.2.1@koa-compose/index.js:44:32)
    at next (/Users/a39/Desktop/other/express-demo/hellokoa2/node_modules/.3.2.1@koa-compose/index.js:45:18)
    at /Users/a39/Desktop/other/express-demo/hellokoa2/node_modules/.7.2.1@koa-router/lib/router.js:345:16
    at dispatch (/Users/a39/Desktop/other/express-demo/hellokoa2/node_modules/.3.2.1@koa-compose/index.js:44:32)
    at /Users/a39/Desktop/other/express-demo/hellokoa2/node_modules/.3.2.1@koa-compose/index.js:36:12
    at dispatch (/Users/a39/Desktop/other/express-demo/hellokoa2/node_modules/.7.2.1@koa-router/lib/router.js:350:31)
    at dispatch (/Users/a39/Desktop/other/express-demo/hellokoa2/node_modules/.4.0.0@koa-compose/index.js:42:32)
    at next (/Users/a39/Desktop/other/express-demo/hellokoa2/node_modules/.4.0.0@koa-compose/index.js:43:18)
    at dispatch (/Users/a39/Desktop/other/express-demo/hellokoa2/node_modules/.7.2.1@koa-router/lib/router.js:332:32)
*************** error log end ***************

