[2017-09-27 22:16:01.382] [INFO] resLogger - 
*************** response log start ***************
request method: GET
request originalUrl:  /
request client ip:  ::1
request query:  {}
response time: undefined
response status: 200
response body: 
"<!DOCTYPE html><html><head><title>Hello Koa 2!</title><link rel=\"stylesheet\" href=\"/stylesheets/style.css\"></head><body><h1>Hello Koa 2!</h1><p>Welcome to Hello Koa 2!</p></body></html>"
*************** response log end ***************

[2017-09-27 22:16:01.923] [INFO] resLogger - 
*************** response log start ***************
request method: GET
request originalUrl:  /favicon.ico
request client ip:  ::1
request query:  {}
response time: undefined
response status: 404
response body: 
undefined
*************** response log end ***************

[2017-09-27 22:16:06.475] [INFO] resLogger - 
*************** response log start ***************
request method: GET
request originalUrl:  /public/bg.jpeg
request client ip:  ::1
request query:  {}
response time: undefined
response status: 404
response body: 
undefined
*************** response log end ***************

[2017-09-27 22:16:22.410] [INFO] resLogger - 
*************** response log start ***************
request method: GET
request originalUrl:  /public/images/bg.png
request client ip:  ::1
request query:  {}
response time: undefined
response status: 404
response body: 
undefined
*************** response log end ***************

