[2017-09-26 15:44:59.741] [INFO] resLogger - 
*************** response log start ***************
request method: GET
request originalUrl:  /
request client ip:  ::1
request query:  {}
response time: undefined
response status: 200
response body: 
"<!DOCTYPE html><html><head><title>Hello Koa 2!</title><link rel=\"stylesheet\" href=\"/stylesheets/style.css\"></head><body><h1>Hello Koa 2!</h1><p>Welcome to Hello Koa 2!</p></body></html>"
*************** response log end ***************

[2017-09-26 15:45:00.614] [INFO] resLogger - 
*************** response log start ***************
request method: GET
request originalUrl:  /favicon.ico
request client ip:  ::1
request query:  {}
response time: undefined
response status: 404
response body: 
undefined
*************** response log end ***************

[2017-09-26 15:45:04.631] [INFO] resLogger - 
*************** response log start ***************
request method: GET
request originalUrl:  /users
request client ip:  ::1
request query:  {}
response time: undefined
response status: 200
response body: 
"this is a users response123!"
*************** response log end ***************

[2017-09-26 15:45:29.450] [INFO] resLogger - 
*************** response log start ***************
request method: GET
request originalUrl:  /users
request client ip:  ::1
request query:  {}
response time: undefined
response status: 200
response body: 
"this is a users response123!"
*************** response log end ***************

[2017-09-26 15:45:31.000] [INFO] resLogger - 
*************** response log start ***************
request method: GET
request originalUrl:  /users
request client ip:  ::1
request query:  {}
response time: undefined
response status: 200
response body: 
"this is a users response123!"
*************** response log end ***************

[2017-09-26 15:46:44.069] [INFO] resLogger - 
*************** response log start ***************
request method: GET
request originalUrl:  /users
request client ip:  ::1
request query:  {}
response time: undefined
response status: 200
response body: 
"this is a users response123!"
*************** response log end ***************

[2017-09-26 15:46:45.525] [INFO] resLogger - 
*************** response log start ***************
request method: GET
request originalUrl:  /users
request client ip:  ::1
request query:  {}
response time: undefined
response status: 200
response body: 
"this is a users response123!"
*************** response log end ***************

[2017-09-26 15:46:46.407] [INFO] resLogger - 
*************** response log start ***************
request method: GET
request originalUrl:  /users
request client ip:  ::1
request query:  {}
response time: undefined
response status: 200
response body: 
"this is a users response123!"
*************** response log end ***************

[2017-09-26 15:46:48.250] [INFO] resLogger - 
*************** response log start ***************
request method: GET
request originalUrl:  /users
request client ip:  ::1
request query:  {}
response time: undefined
response status: 200
response body: 
"this is a users response123!"
*************** response log end ***************

[2017-09-26 15:47:09.964] [INFO] resLogger - 
*************** response log start ***************
request method: GET
request originalUrl:  /users
request client ip:  ::1
request query:  {}
response time: undefined
response status: 200
response body: 
"this is a users response124443!"
*************** response log end ***************

[2017-09-26 15:47:11.395] [INFO] resLogger - 
*************** response log start ***************
request method: GET
request originalUrl:  /users
request client ip:  ::1
request query:  {}
response time: undefined
response status: 200
response body: 
"this is a users response124443!"
*************** response log end ***************

[2017-09-26 15:47:46.590] [INFO] resLogger - 
*************** response log start ***************
request method: GET
request originalUrl:  /users
request client ip:  ::1
request query:  {}
response time: undefined
response status: 200
response body: 
"this is a users response!"
*************** response log end ***************

[2017-09-26 15:47:54.684] [INFO] resLogger - 
*************** response log start ***************
request method: GET
request originalUrl:  /users
request client ip:  ::1
request query:  {}
response time: undefined
response status: 200
response body: 
"this is a users response123!"
*************** response log end ***************

